<?xml version="1.0" encoding="UTF-8"?>
<!-- Generated by org.testng.reporters.JUnitXMLReporter -->
<testsuite ignored="0" hostname="WS-22082" failures="1" tests="10" name="Application test1 " time="103.373" errors="0" timestamp="2023-04-10T17:41:04 IST">
  <testcase classname="testclasses.Test1" name="register" time="6.882">
    <failure type="java.lang.AssertionError" message="null">
      <![CDATA[java.lang.AssertionError: null
at page.classes.HomePage.registerCustomer(HomePage.java:116)
at testclasses.Test1.register(Test1.java:73)
at java.base/java.util.ArrayList.forEach(ArrayList.java:1511)
... Removed 29 stack frames]]>
    </failure>
  </testcase> <!-- register -->
  <testcase classname="testclasses.Test1" name="login" time="0.966"/>
  <testcase classname="testclasses.Test1" name="openNewAccount" time="3.993"/>
  <testcase classname="testclasses.Test1" name="accountsOverview" time="1.435"/>
  <testcase classname="testclasses.Test1" name="transferFunds" time="4.012"/>
  <testcase classname="testclasses.Test1" name="billPayment" time="2.34"/>
  <testcase classname="testclasses.Test1" name="findTransaction" time="1.931"/>
  <testcase classname="testclasses.Test1" name="updateProfile" time="2.106"/>
  <testcase classname="testclasses.Test1" name="requestLoan" time="1.954"/>
  <testcase classname="testclasses.Test1" name="logOut" time="1.579"/>
</testsuite> <!-- Application test1  -->
