<?xml version="1.0" encoding="UTF-8"?>
<testng-results ignored="9" total="10" passed="1" failed="0" skipped="0">
  <reporter-output>
  </reporter-output>
  <suite started-at="2023-04-10T17:49:29 IST" name="Default suite" finished-at="2023-04-10T17:49:40 IST" duration-ms="11715">
    <groups>
    </groups>
    <test started-at="2023-04-10T17:49:29 IST" name="Default test" finished-at="2023-04-10T17:49:40 IST" duration-ms="11715">
      <class name="testclasses.Test1">
        <test-method is-config="true" signature="beforeClass()[pri:0, instance:testclasses.Test1@79e4c792]" started-at="2023-04-10T17:49:29 IST" name="beforeClass" finished-at="2023-04-10T17:49:29 IST" duration-ms="174" status="PASS">
          <reporter-output>
          </reporter-output>
        </test-method> <!-- beforeClass -->
        <test-method is-config="true" signature="beforeMethod(org.testng.ITestResult)[pri:0, instance:testclasses.Test1@79e4c792]" started-at="2023-04-10T17:49:29 IST" name="beforeMethod" finished-at="2023-04-10T17:49:34 IST" duration-ms="4618" status="PASS">
          <params>
            <param index="0">
              <value>
                <![CDATA[[TestResult name={null} status=CREATED method=Test1.billPayment()[pri:0, instance:testclasses.Test1@79e4c792] output={null}]]]>
              </value>
            </param>
          </params>
          <reporter-output>
          </reporter-output>
        </test-method> <!-- beforeMethod -->
        <test-method signature="billPayment()[pri:0, instance:testclasses.Test1@79e4c792]" started-at="2023-04-10T17:49:34 IST" name="billPayment" finished-at="2023-04-10T17:49:36 IST" duration-ms="2741" status="PASS">
          <reporter-output>
          </reporter-output>
        </test-method> <!-- billPayment -->
        <test-method is-config="true" signature="afterMethod(org.testng.ITestResult)[pri:0, instance:testclasses.Test1@79e4c792]" started-at="2023-04-10T17:49:36 IST" name="afterMethod" finished-at="2023-04-10T17:49:40 IST" duration-ms="3735" status="PASS">
          <params>
            <param index="0">
              <value>
                <![CDATA[[TestResult name=billPayment status=SUCCESS method=Test1.billPayment()[pri:0, instance:testclasses.Test1@79e4c792] output={null}]]]>
              </value>
            </param>
          </params>
          <reporter-output>
          </reporter-output>
        </test-method> <!-- afterMethod -->
        <test-method is-config="true" signature="afterClass()[pri:0, instance:testclasses.Test1@79e4c792]" started-at="2023-04-10T17:49:40 IST" name="afterClass" finished-at="2023-04-10T17:49:40 IST" duration-ms="403" status="PASS">
          <reporter-output>
          </reporter-output>
        </test-method> <!-- afterClass -->
      </class> <!-- testclasses.Test1 -->
    </test> <!-- Default test -->
  </suite> <!-- Default suite -->
</testng-results>
