<?xml version="1.0" encoding="UTF-8"?>
<!-- Generated by org.testng.reporters.JUnitXMLReporter -->
<testsuite ignored="9" hostname="WS-22082" failures="0" tests="1" name="Default test" time="11.715" errors="0" timestamp="2023-04-10T17:49:40 IST">
  <testcase classname="testclasses.Test1" name="billPayment" time="2.741"/>
  <testcase classname="testclasses.Test1" name="transferFunds" time="0.0">
    <ignored/>
  </testcase> <!-- transferFunds -->
  <testcase classname="testclasses.Test1" name="openNewAccount" time="0.0">
    <ignored/>
  </testcase> <!-- openNewAccount -->
  <testcase classname="testclasses.Test1" name="register" time="0.0">
    <ignored/>
  </testcase> <!-- register -->
  <testcase classname="testclasses.Test1" name="requestLoan" time="0.0">
    <ignored/>
  </testcase> <!-- requestLoan -->
  <testcase classname="testclasses.Test1" name="login" time="0.0">
    <ignored/>
  </testcase> <!-- login -->
  <testcase classname="testclasses.Test1" name="updateProfile" time="0.0">
    <ignored/>
  </testcase> <!-- updateProfile -->
  <testcase classname="testclasses.Test1" name="findTransaction" time="0.0">
    <ignored/>
  </testcase> <!-- findTransaction -->
  <testcase classname="testclasses.Test1" name="logOut" time="0.0">
    <ignored/>
  </testcase> <!-- logOut -->
  <testcase classname="testclasses.Test1" name="accountsOverview" time="0.0">
    <ignored/>
  </testcase> <!-- accountsOverview -->
</testsuite> <!-- Default test -->
